<?xml version="1.0" encoding="UTF-8"?>
<robot generator="Robot 7.4.2 (Python 3.13.7 on win32)" generated="2026-03-24T11:42:54.653914" rpa="false" schemaversion="5">
<suite id="s1" name="Browser Demo" source="C:\Users\mikap\OneDrive\Asiakirjat\Metropolia opiskelu\Terveysteknologia\Front-end\Hyte-projekti\tests\browser_demo.robot">
<test id="s1-t1" name="Test Web Form" line="6">
<kw name="New Browser" owner="Browser">
<msg time="2026-03-24T11:42:55.153687" level="INFO">{"browser": "chromium", "headless": false, "chromiumSandbox": false, "devtools": false, "handleSIGHUP": true, "handleSIGINT": true, "handleSIGTERM": true, "slowMo": 0.0, "timeout": 30000.0, "tracesDir": "C:\\Users\\mikap\\OneDrive\\Asiakirjat\\Metropolia opiskelu\\Terveysteknologia\\Front-end\\Hyte-projekti\\tests\\browser\\traces\\temp\\eb6d92bd-e17e-4666-86b5-9af5b9440ea2"}</msg>
<msg time="2026-03-24T11:42:55.233116" level="INFO">Starting Browser process C:\Users\mikap\OneDrive\Asiakirjat\Metropolia opiskelu\Terveysteknologia\Front-end\Hyte-projekti\.venv\Lib\site-packages\Browser\wrapper\index.js using at 127.0.0.1:56104</msg>
<msg time="2026-03-24T11:42:57.212843" level="INFO">Successfully created browser with options: {"browser":"chromium","headless":false,"chromiumSandbox":false,"devtools":false,"handleSIGHUP":true,"handleSIGINT":true,"handleSIGTERM":true,"slowMo":0,"timeout":30000,"tracesDir":"C:\\Users\\mikap\\OneDrive\\Asiakirjat\\Metropolia opiskelu\\Terveysteknologia\\Front-end\\Hyte-projekti\\tests\\browser\\traces\\temp\\eb6d92bd-e17e-4666-86b5-9af5b9440ea2"}</msg>
<arg>chromium</arg>
<arg>headless=No</arg>
<tag>BrowserControl</tag>
<tag>Setter</tag>
<doc>Create a new playwright Browser with specified options.</doc>
<status status="PASS" start="2026-03-24T11:42:55.152394" elapsed="2.060888"/>
</kw>
<kw name="New Page" owner="Browser">
<msg time="2026-03-24T11:42:57.881610" level="INFO">Successfully initialized new page object and opened url: https://www.selenium.dev/selenium/web/web-form.html</msg>
<msg time="2026-03-24T11:42:57.881766" level="INFO">No context was open. New context was automatically opened when this page is created.</msg>
<arg>https://www.selenium.dev/selenium/web/web-form.html</arg>
<tag>BrowserControl</tag>
<tag>Setter</tag>
<doc>Open a new Page.</doc>
<status status="PASS" start="2026-03-24T11:42:57.215702" elapsed="0.666359"/>
</kw>
<kw name="Get Title" owner="Browser">
<msg time="2026-03-24T11:42:57.898292" level="INFO">Title: 'Web form'</msg>
<arg>==</arg>
<arg>Web form</arg>
<tag>Assertion</tag>
<tag>Getter</tag>
<tag>PageContent</tag>
<doc>Returns the title of the current page.</doc>
<status status="PASS" start="2026-03-24T11:42:57.882537" elapsed="0.015932"/>
</kw>
<kw name="Type Text" owner="Browser">
<msg time="2026-03-24T11:42:57.900562" level="INFO">Types the text 'somebody@example.com' in the given field.</msg>
<arg>[name="my-text"]</arg>
<arg>${Username}</arg>
<arg>delay=0.1 s</arg>
<tag>PageContent</tag>
<tag>Setter</tag>
<doc>Types the given ``txt`` into the text field found by ``selector``.</doc>
<status status="PASS" start="2026-03-24T11:42:57.898886" elapsed="2.264106"/>
</kw>
<kw name="Type Secret" owner="Browser">
<arg>[name="my-password"]</arg>
<arg>$Password</arg>
<arg>delay=0.1 s</arg>
<tag>PageContent</tag>
<tag>Setter</tag>
<doc>Types the given secret from ``variable_name`` into the text field
found by ``selector``.</doc>
<status status="PASS" start="2026-03-24T11:43:00.164114" elapsed="1.352504"/>
</kw>
<kw name="Type Text" owner="Browser">
<msg time="2026-03-24T11:43:01.519962" level="INFO">Types the text 'Hello, Robot Framework!
How are you today?' in the given field.</msg>
<arg>[name="my-textarea"]</arg>
<arg>${Message}</arg>
<arg>delay=0.1 s</arg>
<tag>PageContent</tag>
<tag>Setter</tag>
<doc>Types the given ``txt`` into the text field found by ``selector``.</doc>
<status status="PASS" start="2026-03-24T11:43:01.517852" elapsed="4.620590"/>
</kw>
<kw name="Select Options By [name=&quot;my-select&quot;]">
<msg time="2026-03-24T11:43:06.140951" level="FAIL">No keyword with name 'Select Options By [name="my-select"]' found. Did you try using keyword 'Browser.Select Options By' and forgot to use enough whitespace between keyword and arguments?</msg>
<arg>value 1</arg>
<status status="FAIL" start="2026-03-24T11:43:06.140737" elapsed="0.000307">No keyword with name 'Select Options By [name="my-select"]' found. Did you try using keyword 'Browser.Select Options By' and forgot to use enough whitespace between keyword and arguments?</status>
</kw>
<kw name="Click With Options" owner="Browser">
<arg>button</arg>
<arg>delay=2 s</arg>
<tag>PageContent</tag>
<tag>Setter</tag>
<doc>Simulates mouse click on the element found by ``selector``.</doc>
<status status="NOT RUN" start="2026-03-24T11:43:06.141460" elapsed="0.000161"/>
</kw>
<kw name="Get Text" owner="Browser">
<arg>id=message</arg>
<arg>==</arg>
<arg>Received!</arg>
<tag>Assertion</tag>
<tag>Getter</tag>
<tag>PageContent</tag>
<doc>Returns text attribute of the element found by ``selector``.</doc>
<status status="NOT RUN" start="2026-03-24T11:43:06.142212" elapsed="0.000174"/>
</kw>
<status status="FAIL" start="2026-03-24T11:42:55.145630" elapsed="10.997637">No keyword with name 'Select Options By [name="my-select"]' found. Did you try using keyword 'Browser.Select Options By' and forgot to use enough whitespace between keyword and arguments?</status>
</test>
<status status="FAIL" start="2026-03-24T11:42:54.656283" elapsed="11.493972"/>
</suite>
<statistics>
<total>
<stat pass="0" fail="1" skip="0">All Tests</stat>
</total>
<tag>
</tag>
<suite>
<stat name="Browser Demo" id="s1" pass="0" fail="1" skip="0">Browser Demo</stat>
</suite>
</statistics>
<errors>
</errors>
</robot>
