<?xml version="1.0" encoding="UTF-8"?>
<robot generator="Robot 7.4.2 (Python 3.13.7 on win32)" generated="2026-03-31T11:34:50.757365" rpa="false" schemaversion="5">
<suite id="s1" name="Omasivu" source="C:\Users\mikap\OneDrive\Asiakirjat\Metropolia opiskelu\Terveysteknologia\Front-end\Hyte-projekti\tests\omasivu.robot">
<test id="s1-t1" name="Test Web Form" line="10">
<kw name="New Browser" owner="Browser">
<msg time="2026-03-31T11:34:51.591936" level="INFO">{"browser": "chromium", "headless": false, "chromiumSandbox": false, "devtools": false, "handleSIGHUP": true, "handleSIGINT": true, "handleSIGTERM": true, "slowMo": 0.0, "timeout": 30000.0, "tracesDir": "C:\\Users\\mikap\\OneDrive\\Asiakirjat\\Metropolia opiskelu\\Terveysteknologia\\Front-end\\Hyte-projekti\\tests\\browser\\traces\\temp\\f5326de0-81fc-435f-b1b1-bf92de9c4bed"}</msg>
<msg time="2026-03-31T11:34:51.653837" level="INFO">Starting Browser process C:\Users\mikap\OneDrive\Asiakirjat\Metropolia opiskelu\Terveysteknologia\Front-end\Hyte-projekti\.venv\Lib\site-packages\Browser\wrapper\index.js using at 127.0.0.1:65073</msg>
<msg time="2026-03-31T11:34:53.719144" level="INFO">Successfully created browser with options: {"browser":"chromium","headless":false,"chromiumSandbox":false,"devtools":false,"handleSIGHUP":true,"handleSIGINT":true,"handleSIGTERM":true,"slowMo":0,"timeout":30000,"tracesDir":"C:\\Users\\mikap\\OneDrive\\Asiakirjat\\Metropolia opiskelu\\Terveysteknologia\\Front-end\\Hyte-projekti\\tests\\browser\\traces\\temp\\f5326de0-81fc-435f-b1b1-bf92de9c4bed"}</msg>
<arg>chromium</arg>
<arg>headless=No</arg>
<tag>BrowserControl</tag>
<tag>Setter</tag>
<doc>Create a new playwright Browser with specified options.</doc>
<status status="PASS" start="2026-03-31T11:34:51.590401" elapsed="2.129114"/>
</kw>
<kw name="New Page" owner="Browser">
<msg time="2026-03-31T11:34:54.380237" level="INFO">Successfully initialized new page object and opened url: https://mikapoihyte.norwayeast.cloudapp.azure.com/login.html</msg>
<msg time="2026-03-31T11:34:54.380618" level="INFO">No context was open. New context was automatically opened when this page is created.</msg>
<arg>https://mikapoihyte.norwayeast.cloudapp.azure.com/login.html</arg>
<tag>BrowserControl</tag>
<tag>Setter</tag>
<doc>Open a new Page.</doc>
<status status="PASS" start="2026-03-31T11:34:53.720584" elapsed="0.660460"/>
</kw>
<kw name="Wait For Elements State" owner="Browser">
<msg time="2026-03-31T11:34:54.492995" level="INFO">Waited for Element with selector form.loginForm at state visible</msg>
<arg>form.loginForm</arg>
<arg>visible</arg>
<tag>PageContent</tag>
<tag>Wait</tag>
<doc>Waits for the element found by ``selector`` to satisfy state option.</doc>
<status status="PASS" start="2026-03-31T11:34:54.381805" elapsed="0.111541"/>
</kw>
<kw name="Type Text" owner="Browser">
<msg time="2026-03-31T11:34:54.495085" level="INFO">Types the text 'kissa' in the given field.</msg>
<arg>form.loginForm [name="username"]</arg>
<arg>${USERNAME}</arg>
<tag>PageContent</tag>
<tag>Setter</tag>
<doc>Types the given ``txt`` into the text field found by ``selector``.</doc>
<status status="PASS" start="2026-03-31T11:34:54.494027" elapsed="0.099013"/>
</kw>
<kw name="Type Secret" owner="Browser">
<arg>form.loginForm [name="password"]</arg>
<arg>$PASSWORD</arg>
<tag>PageContent</tag>
<tag>Setter</tag>
<doc>Types the given secret from ``variable_name`` into the text field
found by ``selector``.</doc>
<status status="PASS" start="2026-03-31T11:34:54.593681" elapsed="0.109212"/>
</kw>
<kw name="Click" owner="Browser">
<msg time="2026-03-31T11:34:54.705470" level="INFO">Clicks the element 'form.loginForm input[type="submit"]'.</msg>
<arg>form.loginForm input[type="submit"]</arg>
<tag>PageContent</tag>
<tag>Setter</tag>
<doc>Simulates mouse click on the element found by ``selector``.</doc>
<status status="PASS" start="2026-03-31T11:34:54.704273" elapsed="0.228730"/>
</kw>
<kw name="Wait For Condition" owner="Browser">
<kw name="Get Url" owner="Browser">
<arg>==</arg>
<arg>https://mikapoihyte.norwayeast.cloudapp.azure.com/rajapinnat/paivakirja.html</arg>
<tag>Assertion</tag>
<tag>Getter</tag>
<tag>PageContent</tag>
<doc>Returns the current URL.</doc>
<status status="PASS" start="2026-03-31T11:34:54.934664" elapsed="3.176652"/>
</kw>
<arg>url</arg>
<arg>==</arg>
<arg>https://mikapoihyte.norwayeast.cloudapp.azure.com/rajapinnat/paivakirja.html</arg>
<tag>PageContent</tag>
<tag>Wait</tag>
<doc>Waits for a condition, defined with Browser getter keywords to become True.</doc>
<status status="PASS" start="2026-03-31T11:34:54.933566" elapsed="3.178056"/>
</kw>
<kw name="Type Text" owner="Browser">
<msg time="2026-03-31T11:34:58.113633" level="INFO">Types the text '2800' in the given field.</msg>
<arg>id=caloriesEatenInput</arg>
<arg>2800</arg>
<arg>delay=0.05s</arg>
<tag>PageContent</tag>
<tag>Setter</tag>
<doc>Types the given ``txt`` into the text field found by ``selector``.</doc>
<status status="PASS" start="2026-03-31T11:34:58.112256" elapsed="0.273738"/>
</kw>
<kw name="Type Text" owner="Browser">
<msg time="2026-03-31T11:34:58.387434" level="INFO">Types the text '2250' in the given field.</msg>
<arg>id=caloriesUsedInput</arg>
<arg>2250</arg>
<arg>delay=0.05s</arg>
<tag>PageContent</tag>
<tag>Setter</tag>
<doc>Types the given ``txt`` into the text field found by ``selector``.</doc>
<status status="PASS" start="2026-03-31T11:34:58.386565" elapsed="0.285014"/>
</kw>
<kw name="Type Text" owner="Browser">
<msg time="2026-03-31T11:34:58.673202" level="INFO">Types the text '11205' in the given field.</msg>
<arg>id=stepsInput</arg>
<arg>11205</arg>
<arg>delay=0.05s</arg>
<tag>PageContent</tag>
<tag>Setter</tag>
<doc>Types the given ``txt`` into the text field found by ``selector``.</doc>
<status status="PASS" start="2026-03-31T11:34:58.672326" elapsed="0.357833"/>
</kw>
<kw name="Type Text" owner="Browser">
<msg time="2026-03-31T11:34:59.031531" level="INFO">Types the text '95' in the given field.</msg>
<arg>id=weightTodayInput</arg>
<arg>95</arg>
<arg>delay=0.05s</arg>
<tag>PageContent</tag>
<tag>Setter</tag>
<doc>Types the given ``txt`` into the text field found by ``selector``.</doc>
<status status="PASS" start="2026-03-31T11:34:59.030669" elapsed="0.154120"/>
</kw>
<kw name="Type Text" owner="Browser">
<msg time="2026-03-31T11:34:59.186102" level="INFO">Types the text 'Testailu fiilis' in the given field.</msg>
<arg>id=moodInput</arg>
<arg>Testailu fiilis</arg>
<arg>delay=0.05s</arg>
<tag>PageContent</tag>
<tag>Setter</tag>
<doc>Types the given ``txt`` into the text field found by ``selector``.</doc>
<status status="PASS" start="2026-03-31T11:34:59.185248" elapsed="0.968345"/>
</kw>
<kw name="Type Text" owner="Browser">
<msg time="2026-03-31T11:35:00.155009" level="INFO">Types the text '103' in the given field.</msg>
<arg>id=weightInput</arg>
<arg>103</arg>
<arg>delay=0.05s</arg>
<tag>PageContent</tag>
<tag>Setter</tag>
<doc>Types the given ``txt`` into the text field found by ``selector``.</doc>
<status status="PASS" start="2026-03-31T11:35:00.154146" elapsed="0.218641"/>
</kw>
<kw name="Type Text" owner="Browser">
<msg time="2026-03-31T11:35:00.375082" level="INFO">Types the text '5' in the given field.</msg>
<arg>id=sleepHoursInput</arg>
<arg>5</arg>
<arg>delay=0.05s</arg>
<tag>PageContent</tag>
<tag>Setter</tag>
<doc>Types the given ``txt`` into the text field found by ``selector``.</doc>
<status status="PASS" start="2026-03-31T11:35:00.373995" elapsed="0.090214"/>
</kw>
<kw name="Type Text" owner="Browser">
<msg time="2026-03-31T11:35:00.465582" level="INFO">Types the text 'Koulussa tehnyt kouluhommia ja testaillut toimintaa' in the given field.</msg>
<arg>id=notesInput</arg>
<arg>Koulussa tehnyt kouluhommia ja testaillut toimintaa</arg>
<arg>delay=0.05s</arg>
<tag>PageContent</tag>
<tag>Setter</tag>
<doc>Types the given ``txt`` into the text field found by ``selector``.</doc>
<status status="PASS" start="2026-03-31T11:35:00.464714" elapsed="3.201272"/>
</kw>
<kw name="Type Text" owner="Browser">
<msg time="2026-03-31T11:35:03.667678" level="INFO">Types the text '31-03-2026' in the given field.</msg>
<arg>id=entryDateInput</arg>
<arg>31-03-2026</arg>
<arg>delay=0.05s</arg>
<tag>PageContent</tag>
<tag>Setter</tag>
<doc>Types the given ``txt`` into the text field found by ``selector``.</doc>
<status status="PASS" start="2026-03-31T11:35:03.666559" elapsed="0.651043"/>
</kw>
<kw name="Click" owner="Browser">
<msg time="2026-03-31T11:35:04.318856" level="INFO">Clicks the element 'text=Lisää merkintä'.</msg>
<arg>text=Lisää merkintä</arg>
<tag>PageContent</tag>
<tag>Setter</tag>
<doc>Simulates mouse click on the element found by ``selector``.</doc>
<status status="PASS" start="2026-03-31T11:35:04.318104" elapsed="0.048471"/>
</kw>
<status status="PASS" start="2026-03-31T11:34:51.584908" elapsed="12.782846"/>
</test>
<status status="PASS" start="2026-03-31T11:34:50.759756" elapsed="13.615095"/>
</suite>
<statistics>
<total>
<stat pass="1" fail="0" skip="0">All Tests</stat>
</total>
<tag>
</tag>
<suite>
<stat name="Omasivu" id="s1" pass="1" fail="0" skip="0">Omasivu</stat>
</suite>
</statistics>
<errors>
</errors>
</robot>
